2026-01-07 00:31:30,920 - pipeline - INFO - Pipeline iniciado
2026-01-07 00:31:30,920 - pipeline - INFO - run_id=4ce6f856-cbe2-4f4c-abce-c0f7da2696bc
2026-01-07 00:31:30,920 - pipeline - INFO - Iniciando Silver: orders
2026-01-07 00:31:30,921 - pipeline - ERROR - Pipeline falhou
Traceback (most recent call last):
  File "C:\Users\danme\projeto_n6\src\projeto_n6\pipeline.py", line 32, in run_pipeline
    df_silver, df_rejects, metrics = build_orders_silver(
                                     ~~~~~~~~~~~~~~~~~~~^
        bronze_path=bronze_orders,
        ^^^^^^^^^^^^^^^^^^^^^^^^^^
        ctx=ctx,
        ^^^^^^^^
        paths=paths,
        ^^^^^^^^^^^^
    )
    ^
  File "C:\Users\danme\projeto_n6\src\projeto_n6\silver\orders.py", line 28, in build_orders_silver
    raise FileNotFoundError(f"Arquivo não encontrado: {bronze_path}")
FileNotFoundError: Arquivo não encontrado: data\bronze\olist\olist_orders_dataset.csv
2026-01-07 00:32:20,400 - pipeline - INFO - Pipeline iniciado
2026-01-07 00:32:20,400 - pipeline - INFO - run_id=fdbf03b0-47ed-43a0-a83c-203d4795f24f
2026-01-07 00:32:20,400 - pipeline - INFO - Iniciando Silver: orders
2026-01-07 00:32:20,994 - pipeline - INFO - Orders Silver concluído | rows_in=99441 | rows_valid=99120 | rows_rejected=321
2026-01-07 00:32:21,239 - pipeline - INFO - Pipeline finalizado com sucesso
2026-01-07 00:32:31,824 - pipeline - INFO - Pipeline iniciado
2026-01-07 00:32:31,825 - pipeline - INFO - run_id=4b04defe-bd19-4a48-8665-60fb2cf800bc
2026-01-07 00:32:31,825 - pipeline - INFO - Iniciando Silver: orders
2026-01-07 00:32:32,411 - pipeline - INFO - Orders Silver concluído | rows_in=99441 | rows_valid=99120 | rows_rejected=321
2026-01-07 00:32:32,650 - pipeline - INFO - Pipeline finalizado com sucesso
